This is pdfTeX, Version 3.141592653-2.6-1.40.24 (MiKTeX 22.1) (preloaded format=pdflatex 2022.2.10)  22 MAY 2022 22:29
entering extended mode
 restricted \write18 enabled.
 %&-line parsing enabled.
**./samplepaper.tex
(samplepaper.tex
LaTeX2e <2021-11-15> patch level 1
L3 programming layer <2022-02-05> (llncs.cls
Document Class: llncs 2018/03/10 v2.20 
 LaTeX document class for Lecture Notes in Computer Science
(/home/skaff/.miktex/texmfs/install/tex/latex/base/article.cls
Document Class: article 2021/10/04 v1.4n Standard LaTeX document class
(/home/skaff/.miktex/texmfs/install/tex/latex/base/size10.clo
File: size10.clo 2021/10/04 v1.4n Standard LaTeX file (size option)
)
\c@part=\count185
\c@section=\count186
\c@subsection=\count187
\c@subsubsection=\count188
\c@paragraph=\count189
\c@subparagraph=\count190
\c@figure=\count191
\c@table=\count192
\abovecaptionskip=\skip47
\belowcaptionskip=\skip48
\bibindent=\dimen138
)
(/home/skaff/.miktex/texmfs/install/tex/latex/tools/multicol.sty
Package: multicol 2021/10/28 v1.9b multicolumn formatting (FMi)
\c@tracingmulticols=\count193
\mult@box=\box50
\multicol@leftmargin=\dimen139
\c@unbalance=\count194
\c@collectmore=\count195
\doublecol@number=\count196
\multicoltolerance=\count197
\multicolpretolerance=\count198
\full@width=\dimen140
\page@free=\dimen141
\premulticols=\dimen142
\postmulticols=\dimen143
\multicolsep=\skip49
\multicolbaselineskip=\skip50
\partial@page=\box51
\last@line=\box52
\maxbalancingoverflow=\dimen144
\mult@rightbox=\box53
\mult@grightbox=\box54
\mult@firstbox=\box55
\mult@gfirstbox=\box56
\@tempa=\box57
\@tempa=\box58
\@tempa=\box59
\@tempa=\box60
\@tempa=\box61
\@tempa=\box62
\@tempa=\box63
\@tempa=\box64
\@tempa=\box65
\@tempa=\box66
\@tempa=\box67
\@tempa=\box68
\@tempa=\box69
\@tempa=\box70
\@tempa=\box71
\@tempa=\box72
\@tempa=\box73
\@tempa=\box74
\@tempa=\box75
\@tempa=\box76
\@tempa=\box77
\@tempa=\box78
\@tempa=\box79
\@tempa=\box80
\@tempa=\box81
\@tempa=\box82
\@tempa=\box83
\@tempa=\box84
\@tempa=\box85
\@tempa=\box86
\@tempa=\box87
\@tempa=\box88
\@tempa=\box89
\@tempa=\box90
\@tempa=\box91
\@tempa=\box92
\c@minrows=\count199
\c@columnbadness=\count266
\c@finalcolumnbadness=\count267
\last@try=\dimen145
\multicolovershoot=\dimen146
\multicolundershoot=\dimen147
\mult@nat@firstbox=\box93
\colbreak@box=\box94
\mc@col@check@num=\count268
)
(/home/skaff/.miktex/texmfs/install/tex/latex/oberdiek/aliascnt.sty
Package: aliascnt 2018/09/07 v1.5 Alias counters (HO)
)
\c@chapter=\count269
LaTeX Font Info:    Redeclaring math symbol \Gamma on input line 362.
LaTeX Font Info:    Redeclaring math symbol \Delta on input line 363.
LaTeX Font Info:    Redeclaring math symbol \Theta on input line 364.
LaTeX Font Info:    Redeclaring math symbol \Lambda on input line 365.
LaTeX Font Info:    Redeclaring math symbol \Xi on input line 366.
LaTeX Font Info:    Redeclaring math symbol \Pi on input line 367.
LaTeX Font Info:    Redeclaring math symbol \Sigma on input line 368.
LaTeX Font Info:    Redeclaring math symbol \Upsilon on input line 369.
LaTeX Font Info:    Redeclaring math symbol \Phi on input line 370.
LaTeX Font Info:    Redeclaring math symbol \Psi on input line 371.
LaTeX Font Info:    Redeclaring math symbol \Omega on input line 372.
\tocchpnum=\dimen148
\tocsecnum=\dimen149
\tocsectotal=\dimen150
\tocsubsecnum=\dimen151
\tocsubsectotal=\dimen152
\tocsubsubsecnum=\dimen153
\tocsubsubsectotal=\dimen154
\tocparanum=\dimen155
\tocparatotal=\dimen156
\tocsubparanum=\dimen157
\@tempcntc=\count270
\fnindent=\dimen158
\c@@inst=\count271
\c@@auth=\count272
\c@auco=\count273
\instindent=\dimen159
\authrun=\box95
\authorrunning=\toks16
\tocauthor=\toks17
\titrun=\box96
\titlerunning=\toks18
\toctitle=\toks19
\c@theorem=\count274
\c@case=\count275
\c@conjecture=\count276
\c@corollary=\count277
\c@definition=\count278
\c@example=\count279
\c@exercise=\count280
\c@lemma=\count281
\c@note=\count282
\c@problem=\count283
\c@property=\count284
\c@proposition=\count285
\c@question=\count286
\c@solution=\count287
\c@remark=\count288
\headlineindent=\dimen160
)
(/home/skaff/.miktex/texmfs/install/tex/latex/graphics/graphicx.sty
Package: graphicx 2021/09/16 v1.2d Enhanced LaTeX Graphics (DPC,SPQR)

(/home/skaff/.miktex/texmfs/install/tex/latex/graphics/keyval.sty
Package: keyval 2014/10/28 v1.15 key=value parser (DPC)
\KV@toks@=\toks20
)
(/home/skaff/.miktex/texmfs/install/tex/latex/graphics/graphics.sty
Package: graphics 2021/03/04 v1.4d Standard LaTeX Graphics (DPC,SPQR)

(/home/skaff/.miktex/texmfs/install/tex/latex/graphics/trig.sty
Package: trig 2021/08/11 v1.11 sin cos tan (DPC)
)
(/home/skaff/.miktex/texmfs/install/tex/latex/graphics-cfg/graphics.cfg
File: graphics.cfg 2016/06/04 v1.11 sample graphics configuration
)
Package graphics Info: Driver file: pdftex.def on input line 107.

(/home/skaff/.miktex/texmfs/install/tex/latex/graphics-def/pdftex.def
File: pdftex.def 2020/10/05 v1.2a Graphics/color driver for pdftex
))
\Gin@req@height=\dimen161
\Gin@req@width=\dimen162
)
(/home/skaff/.miktex/texmfs/install/tex/latex/amsmath/amsmath.sty
Package: amsmath 2021/10/15 v2.17l AMS math features
\@mathmargin=\skip51

For additional information on amsmath, use the `?' option.
(/home/skaff/.miktex/texmfs/install/tex/latex/amsmath/amstext.sty
Package: amstext 2021/08/26 v2.01 AMS text

(/home/skaff/.miktex/texmfs/install/tex/latex/amsmath/amsgen.sty
File: amsgen.sty 1999/11/30 v2.0 generic functions
\@emptytoks=\toks21
\ex@=\dimen163
))
(/home/skaff/.miktex/texmfs/install/tex/latex/amsmath/amsbsy.sty
Package: amsbsy 1999/11/29 v1.2d Bold Symbols
\pmbraise@=\dimen164
)
(/home/skaff/.miktex/texmfs/install/tex/latex/amsmath/amsopn.sty
Package: amsopn 2021/08/26 v2.02 operator names
)
\inf@bad=\count289
LaTeX Info: Redefining \frac on input line 234.
\uproot@=\count290
\leftroot@=\count291
LaTeX Info: Redefining \overline on input line 399.
\classnum@=\count292
\DOTSCASE@=\count293
LaTeX Info: Redefining \ldots on input line 496.
LaTeX Info: Redefining \dots on input line 499.
LaTeX Info: Redefining \cdots on input line 620.
\Mathstrutbox@=\box97
\strutbox@=\box98
\big@size=\dimen165
LaTeX Font Info:    Redeclaring font encoding OML on input line 743.
LaTeX Font Info:    Redeclaring font encoding OMS on input line 744.
\macc@depth=\count294
\c@MaxMatrixCols=\count295
\dotsspace@=\muskip16
\c@parentequation=\count296
\dspbrk@lvl=\count297
\tag@help=\toks22
\row@=\count298
\column@=\count299
\maxfields@=\count300
\andhelp@=\toks23
\eqnshift@=\dimen166
\alignsep@=\dimen167
\tagshift@=\dimen168
\tagwidth@=\dimen169
\totwidth@=\dimen170
\lineht@=\dimen171
\@envbody=\toks24
\multlinegap=\skip52
\multlinetaggap=\skip53
\mathdisplay@stack=\toks25
LaTeX Info: Redefining \[ on input line 2938.
LaTeX Info: Redefining \] on input line 2939.
)
(/home/skaff/.miktex/texmfs/install/tex/latex/amsfonts/amssymb.sty
Package: amssymb 2013/01/14 v3.01 AMS font symbols

(/home/skaff/.miktex/texmfs/install/tex/latex/amsfonts/amsfonts.sty
Package: amsfonts 2013/01/14 v3.01 Basic AMSFonts support
\symAMSa=\mathgroup4
\symAMSb=\mathgroup5
LaTeX Font Info:    Redeclaring math symbol \hbar on input line 98.
LaTeX Font Info:    Overwriting math alphabet `\mathfrak' in version `bold'
(Font)                  U/euf/m/n --> U/euf/b/n on input line 106.
))
(/home/skaff/.miktex/texmfs/install/tex/latex/l3backend/l3backend-pdftex.def
File: l3backend-pdftex.def 2022-02-07 L3 backend support: PDF output (pdfTeX)
\l__color_backend_stack_int=\count301
\l__pdf_internal_box=\box99
)
(samplepaper.aux)
\openout1 = `samplepaper.aux'.

LaTeX Font Info:    Checking defaults for OML/cmm/m/it on input line 18.
LaTeX Font Info:    ... okay on input line 18.
LaTeX Font Info:    Checking defaults for OMS/cmsy/m/n on input line 18.
LaTeX Font Info:    ... okay on input line 18.
LaTeX Font Info:    Checking defaults for OT1/cmr/m/n on input line 18.
LaTeX Font Info:    ... okay on input line 18.
LaTeX Font Info:    Checking defaults for T1/cmr/m/n on input line 18.
LaTeX Font Info:    ... okay on input line 18.
LaTeX Font Info:    Checking defaults for TS1/cmr/m/n on input line 18.
LaTeX Font Info:    ... okay on input line 18.
LaTeX Font Info:    Checking defaults for OMX/cmex/m/n on input line 18.
LaTeX Font Info:    ... okay on input line 18.
LaTeX Font Info:    Checking defaults for U/cmr/m/n on input line 18.
LaTeX Font Info:    ... okay on input line 18.

(/home/skaff/.miktex/texmfs/install/tex/context/base/mkii/supp-pdf.mkii
[Loading MPS to PDF converter (version 2006.09.02).]
\scratchcounter=\count302
\scratchdimen=\dimen172
\scratchbox=\box100
\nofMPsegments=\count303
\nofMParguments=\count304
\everyMPshowfont=\toks26
\MPscratchCnt=\count305
\MPscratchDim=\dimen173
\MPnumerator=\count306
\makeMPintoPDFobject=\count307
\everyMPtoPDFconversion=\toks27
) (/home/skaff/.miktex/texmfs/install/tex/latex/epstopdf-pkg/epstopdf-base.sty
Package: epstopdf-base 2020-01-24 v2.11 Base part for package epstopdf
Package epstopdf-base Info: Redefining graphics rule for `.eps' on input line 4
85.

(/home/skaff/.miktex/texmfs/install/tex/latex/00miktex/epstopdf-sys.cfg
File: epstopdf-sys.cfg 2021/03/18 v2.0 Configuration of epstopdf for MiKTeX
))
LaTeX Font Info:    Trying to load font information for U+msa on input line 39.


(/home/skaff/.miktex/texmfs/install/tex/latex/amsfonts/umsa.fd
File: umsa.fd 2013/01/14 v3.01 AMS symbols A
)
LaTeX Font Info:    Trying to load font information for U+msb on input line 39.


(/home/skaff/.miktex/texmfs/install/tex/latex/amsfonts/umsb.fd
File: umsb.fd 2013/01/14 v3.01 AMS symbols B
)
LaTeX Font Info:    Trying to load font information for OMS+cmtt on input line 
39.
LaTeX Font Info:    No file OMScmtt.fd. on input line 39.


LaTeX Font Warning: Font shape `OMS/cmtt/m/n' undefined
(Font)              using `OMS/cmsy/m/n' instead
(Font)              for symbol `textbraceleft' on input line 39.

Title too long for running head. Please supply
a shorter form with \titlerunning prior to \maketitle
[1

{/home/skaff/.miktex/texmfs/data/fonts/map/pdftex/pdftex.map}]
Underfull \vbox (badness 2158) has occurred while \output is active []

 [2]

LaTeX Warning: Command \L invalid in math mode on input line 82.

[3]
Underfull \vbox (badness 1102) has occurred while \output is active []

 [4]
[5]
Overfull \hbox (17.6253pt too wide) in paragraph at lines 192--193
\OT1/cmr/m/n/10 logic pro-gram. A Lad-der logic MDP $\OML/cmm/m/it/10 M\OT1/cmr
/m/n/10 (\OML/cmm/m/it/10  \OT1/cmr/m/n/10 )$ is a five tu-ple $\OMS/cmsy/m/n/1
0 h\OML/cmm/m/it/10 S; \OMS/cmsy/m/n/10 A\OML/cmm/m/it/10 ; P[]\OT1/cmr/m/n/10 
(\OML/cmm/m/it/10 s; s[]\OT1/cmr/m/n/10 )\OML/cmm/m/it/10 ; R[]\OT1/cmr/m/n/10 
(\OML/cmm/m/it/10 s; s[]\OT1/cmr/m/n/10 )\OML/cmm/m/it/10 ; \OT1/cmr/m/n/10 )\
OMS/cmsy/m/n/10 i$\OT1/cmr/m/n/10 ,
 []


Underfull \hbox (badness 10000) in paragraph at lines 201--206

 []


Underfull \hbox (badness 10000) in paragraph at lines 207--211

 []

[6]
Overfull \hbox (6.2755pt too wide) detected at line 226
[]\OMS/cmsy/m/n/10 r[]\OML/cmm/m/it/10 L[]\OT1/cmr/m/n/10 (\OML/cmm/m/it/10 Q[]
\OT1/cmr/m/n/10 ) = \OML/cmm/m/it/10 E[] []
 []

[7] [8] [9]

LaTeX Warning: Reference `fig1' on page 10 undefined on input line 321.

[10]

LaTeX Warning: Citation `ref_article1' on page 11 undefined on input line 341.


LaTeX Warning: Citation `ref_lncs1' on page 11 undefined on input line 341.


LaTeX Warning: Citation `ref_book1' on page 11 undefined on input line 342.


LaTeX Warning: Citation `ref_proc1' on page 11 undefined on input line 342.


LaTeX Warning: Citation `ref_url1' on page 11 undefined on input line 343.


LaTeX Warning: Citation `ref_article1' on page 11 undefined on input line 344.


LaTeX Warning: Citation `ref_lncs1' on page 11 undefined on input line 344.


LaTeX Warning: Citation `ref_book1' on page 11 undefined on input line 344.


LaTeX Warning: Citation `ref_article1' on page 11 undefined on input line 345.


LaTeX Warning: Citation `ref_book1' on page 11 undefined on input line 345.


LaTeX Warning: Citation `ref_proc1' on page 11 undefined on input line 345.


LaTeX Warning: Citation `ref_url1' on page 11 undefined on input line 345.

(samplepaper.bbl) [11] (samplepaper.aux)

LaTeX Font Warning: Some font shapes were not available, defaults substituted.


LaTeX Warning: There were undefined references.

 ) 
Here is how much of TeX's memory you used:
 3040 strings out of 478585
 43997 string characters out of 2849157
 349590 words of memory out of 3000000
 21195 multiletter control sequences out of 15000+600000
 482120 words of font info for 75 fonts, out of 8000000 for 9000
 1141 hyphenation exceptions out of 8191
 55i,14n,62p,1333b,261s stack positions out of 5000i,500n,10000p,200000b,80000s
 </home/skaff/.miktex/texmfs/data/fonts/pk/ljfour/jknappen/ec/dpi600/tcrm1000
.pk> </home/skaff/.miktex/texmfs/data/fonts/pk/ljfour/jknappen/ec/dpi600/tcrm09
00.pk></home/skaff/.miktex/texmfs/install/fonts/type1/public/amsfonts/cm/cmbx10
.pfb></home/skaff/.miktex/texmfs/install/fonts/type1/public/amsfonts/cm/cmbx12.
pfb></home/skaff/.miktex/texmfs/install/fonts/type1/public/amsfonts/cm/cmbx9.pf
b></home/skaff/.miktex/texmfs/install/fonts/type1/public/amsfonts/cm/cmex10.pfb
></home/skaff/.miktex/texmfs/install/fonts/type1/public/amsfonts/cm/cmmi10.pfb>
</home/skaff/.miktex/texmfs/install/fonts/type1/public/amsfonts/cm/cmmi5.pfb></
home/skaff/.miktex/texmfs/install/fonts/type1/public/amsfonts/cm/cmmi6.pfb></ho
me/skaff/.miktex/texmfs/install/fonts/type1/public/amsfonts/cm/cmmi7.pfb></home
/skaff/.miktex/texmfs/install/fonts/type1/public/amsfonts/cm/cmmib10.pfb></home
/skaff/.miktex/texmfs/install/fonts/type1/public/amsfonts/cm/cmr10.pfb></home/s
kaff/.miktex/texmfs/install/fonts/type1/public/amsfonts/cm/cmr7.pfb></home/skaf
f/.miktex/texmfs/install/fonts/type1/public/amsfonts/cm/cmr9.pfb></home/skaff/.
miktex/texmfs/install/fonts/type1/public/amsfonts/cm/cmsy10.pfb></home/skaff/.m
iktex/texmfs/install/fonts/type1/public/amsfonts/cm/cmsy5.pfb></home/skaff/.mik
tex/texmfs/install/fonts/type1/public/amsfonts/cm/cmsy7.pfb></home/skaff/.mikte
x/texmfs/install/fonts/type1/public/amsfonts/cm/cmsy9.pfb></home/skaff/.miktex/
texmfs/install/fonts/type1/public/amsfonts/cm/cmti10.pfb></home/skaff/.miktex/t
exmfs/install/fonts/type1/public/amsfonts/cm/cmti9.pfb></home/skaff/.miktex/tex
mfs/install/fonts/type1/public/amsfonts/cm/cmtt9.pfb>
Output written on samplepaper.pdf (11 pages, 294662 bytes).
PDF statistics:
 143 PDF objects out of 1000 (max. 8388607)
 0 named destinations out of 1000 (max. 500000)
 1 words of extra memory for PDF output out of 10000 (max. 10000000)

